This is pdfTeX, Version 3.141592653-2.6-1.40.22 (TeX Live 2021/W32TeX) (preloaded format=pdflatex 2021.7.1)  5 AUG 2021 11:36
entering extended mode
 restricted \write18 enabled.
 file:line:error style messages enabled.
 %&-line parsing enabled.
**"c:/Users/herza/Desktop/fs2021/Analysis 1 Cheatsheet/analysis1_cheatsheet.tex"
(c:/Users/herza/Desktop/fs2021/Analysis 1 Cheatsheet/analysis1_cheatsheet.tex
LaTeX2e <2021-06-01> patch level 1
L3 programming layer <2021-06-18> (c:/texlive/2021/texmf-dist/tex/latex/extsizes/extarticle.cls
Document Class: extarticle 1996/10/08 v1.0 Non Standard LaTeX document class
(c:/texlive/2021/texmf-dist/tex/latex/extsizes/size8.clo
File: size8.clo 1999/11/11 v1.4a NON-Standard LaTeX file (size option)
) (c:/texlive/2021/texmf-dist/tex/latex/base/exscale.sty
Package: exscale 2018/09/24 v2.1i Standard LaTeX package exscale
LaTeX Font Info:    Redeclaring symbol font `largesymbols' on input line 57.
LaTeX Font Info:    Overwriting symbol font `largesymbols' in version `normal'
(Font)                  OMX/cmex/m/n --> OMX/cmex/m/n on input line 57.
LaTeX Font Info:    Overwriting symbol font `largesymbols' in version `bold'
(Font)                  OMX/cmex/m/n --> OMX/cmex/m/n on input line 57.
\big@size=\dimen138
)
\c@part=\count182
\c@section=\count183
\c@subsection=\count184
\c@subsubsection=\count185
\c@paragraph=\count186
\c@subparagraph=\count187
\c@figure=\count188
\c@table=\count189
\abovecaptionskip=\skip47
\belowcaptionskip=\skip48
\bibindent=\dimen139
) (c:/texlive/2021/texmf-dist/tex/latex/base/inputenc.sty
Package: inputenc 2021/02/14 v1.3d Input encoding file
\inpenc@prehook=\toks16
\inpenc@posthook=\toks17
) (c:/texlive/2021/texmf-dist/tex/generic/babel/babel.sty
Package: babel 2021/06/28 3.61 The Babel package
 (c:/texlive/2021/texmf-dist/tex/generic/babel/babel.def
File: babel.def 2021/06/28 3.61 Babel common definitions
\babel@savecnt=\count190
\U@D=\dimen140
\l@unhyphenated=\language87
 (c:/texlive/2021/texmf-dist/tex/generic/babel/txtbabel.def)
\bbl@readstream=\read2
)
\bbl@dirlevel=\count191
 (c:/texlive/2021/texmf-dist/tex/generic/babel-german/german.ldf
Language: german 2021/02/27 v2.13 German support for babel (pre-1996 orthography)
 (c:/texlive/2021/texmf-dist/tex/generic/babel-german/germanb.ldf
Language: germanb 2021/02/27 v2.13 German support for babel (pre-1996 orthography)
Package babel Info: Making " an active character on input line 139.
))) (c:/texlive/2021/texmf-dist/tex/latex/pgfplots/pgfplots.sty (c:/texlive/2021/texmf-dist/tex/generic/pgfplots/pgfplots.revision.tex)
Package: pgfplots 2021/05/15 v1.18.1 Data Visualization (1.18.1)
 (c:/texlive/2021/texmf-dist/tex/latex/graphics/graphicx.sty
Package: graphicx 2020/12/05 v1.2c Enhanced LaTeX Graphics (DPC,SPQR)
 (c:/texlive/2021/texmf-dist/tex/latex/graphics/keyval.sty
Package: keyval 2014/10/28 v1.15 key=value parser (DPC)
\KV@toks@=\toks18
) (c:/texlive/2021/texmf-dist/tex/latex/graphics/graphics.sty
Package: graphics 2021/03/04 v1.4d Standard LaTeX Graphics (DPC,SPQR)
 (c:/texlive/2021/texmf-dist/tex/latex/graphics/trig.sty
Package: trig 2016/01/03 v1.10 sin cos tan (DPC)
) (c:/texlive/2021/texmf-dist/tex/latex/graphics-cfg/graphics.cfg
File: graphics.cfg 2016/06/04 v1.11 sample graphics configuration
)
Package graphics Info: Driver file: pdftex.def on input line 107.
 (c:/texlive/2021/texmf-dist/tex/latex/graphics-def/pdftex.def
File: pdftex.def 2020/10/05 v1.2a Graphics/color driver for pdftex
))
\Gin@req@height=\dimen141
\Gin@req@width=\dimen142
) (c:/texlive/2021/texmf-dist/tex/latex/pgf/frontendlayer/tikz.sty (c:/texlive/2021/texmf-dist/tex/latex/pgf/basiclayer/pgf.sty (c:/texlive/2021/texmf-dist/tex/latex/pgf/utilities/pgfrcs.sty (c:/texlive/2021/texmf-dist/tex/generic/pgf/utilities/pgfutil-common.tex
\pgfutil@everybye=\toks19
\pgfutil@tempdima=\dimen143
\pgfutil@tempdimb=\dimen144
 (c:/texlive/2021/texmf-dist/tex/generic/pgf/utilities/pgfutil-common-lists.tex)) (c:/texlive/2021/texmf-dist/tex/generic/pgf/utilities/pgfutil-latex.def
\pgfutil@abb=\box50
) (c:/texlive/2021/texmf-dist/tex/generic/pgf/utilities/pgfrcs.code.tex (c:/texlive/2021/texmf-dist/tex/generic/pgf/pgf.revision.tex)
Package: pgfrcs 2021/05/15 v3.1.9a (3.1.9a)
))
Package: pgf 2021/05/15 v3.1.9a (3.1.9a)
 (c:/texlive/2021/texmf-dist/tex/latex/pgf/basiclayer/pgfcore.sty (c:/texlive/2021/texmf-dist/tex/latex/pgf/systemlayer/pgfsys.sty (c:/texlive/2021/texmf-dist/tex/generic/pgf/systemlayer/pgfsys.code.tex
Package: pgfsys 2021/05/15 v3.1.9a (3.1.9a)
 (c:/texlive/2021/texmf-dist/tex/generic/pgf/utilities/pgfkeys.code.tex
\pgfkeys@pathtoks=\toks20
\pgfkeys@temptoks=\toks21
 (c:/texlive/2021/texmf-dist/tex/generic/pgf/utilities/pgfkeysfiltered.code.tex
\pgfkeys@tmptoks=\toks22
))
\pgf@x=\dimen145
\pgf@y=\dimen146
\pgf@xa=\dimen147
\pgf@ya=\dimen148
\pgf@xb=\dimen149
\pgf@yb=\dimen150
\pgf@xc=\dimen151
\pgf@yc=\dimen152
\pgf@xd=\dimen153
\pgf@yd=\dimen154
\w@pgf@writea=\write3
\r@pgf@reada=\read3
\c@pgf@counta=\count192
\c@pgf@countb=\count193
\c@pgf@countc=\count194
\c@pgf@countd=\count195
\t@pgf@toka=\toks23
\t@pgf@tokb=\toks24
\t@pgf@tokc=\toks25
\pgf@sys@id@count=\count196
 (c:/texlive/2021/texmf-dist/tex/generic/pgf/systemlayer/pgf.cfg
File: pgf.cfg 2021/05/15 v3.1.9a (3.1.9a)
)
Driver file for pgf: pgfsys-pdftex.def
 (c:/texlive/2021/texmf-dist/tex/generic/pgf/systemlayer/pgfsys-pdftex.def
File: pgfsys-pdftex.def 2021/05/15 v3.1.9a (3.1.9a)
 (c:/texlive/2021/texmf-dist/tex/generic/pgf/systemlayer/pgfsys-common-pdf.def
File: pgfsys-common-pdf.def 2021/05/15 v3.1.9a (3.1.9a)
))) (c:/texlive/2021/texmf-dist/tex/generic/pgf/systemlayer/pgfsyssoftpath.code.tex
File: pgfsyssoftpath.code.tex 2021/05/15 v3.1.9a (3.1.9a)
\pgfsyssoftpath@smallbuffer@items=\count197
\pgfsyssoftpath@bigbuffer@items=\count198
) (c:/texlive/2021/texmf-dist/tex/generic/pgf/systemlayer/pgfsysprotocol.code.tex
File: pgfsysprotocol.code.tex 2021/05/15 v3.1.9a (3.1.9a)
)) (c:/texlive/2021/texmf-dist/tex/latex/xcolor/xcolor.sty
Package: xcolor 2016/05/11 v2.12 LaTeX color extensions (UK)
 (c:/texlive/2021/texmf-dist/tex/latex/graphics-cfg/color.cfg
File: color.cfg 2016/01/02 v1.6 sample color configuration
)
Package xcolor Info: Driver file: pdftex.def on input line 225.
Package xcolor Info: Model `cmy' substituted by `cmy0' on input line 1348.
Package xcolor Info: Model `hsb' substituted by `rgb' on input line 1352.
Package xcolor Info: Model `RGB' extended on input line 1364.
Package xcolor Info: Model `HTML' substituted by `rgb' on input line 1366.
Package xcolor Info: Model `Hsb' substituted by `hsb' on input line 1367.
Package xcolor Info: Model `tHsb' substituted by `hsb' on input line 1368.
Package xcolor Info: Model `HSB' substituted by `hsb' on input line 1369.
Package xcolor Info: Model `Gray' substituted by `gray' on input line 1370.
Package xcolor Info: Model `wave' substituted by `hsb' on input line 1371.
) (c:/texlive/2021/texmf-dist/tex/generic/pgf/basiclayer/pgfcore.code.tex
Package: pgfcore 2021/05/15 v3.1.9a (3.1.9a)
 (c:/texlive/2021/texmf-dist/tex/generic/pgf/math/pgfmath.code.tex (c:/texlive/2021/texmf-dist/tex/generic/pgf/math/pgfmathcalc.code.tex (c:/texlive/2021/texmf-dist/tex/generic/pgf/math/pgfmathutil.code.tex) (c:/texlive/2021/texmf-dist/tex/generic/pgf/math/pgfmathparser.code.tex
\pgfmath@dimen=\dimen155
\pgfmath@count=\count199
\pgfmath@box=\box51
\pgfmath@toks=\toks26
\pgfmath@stack@operand=\toks27
\pgfmath@stack@operation=\toks28
) (c:/texlive/2021/texmf-dist/tex/generic/pgf/math/pgfmathfunctions.code.tex (c:/texlive/2021/texmf-dist/tex/generic/pgf/math/pgfmathfunctions.basic.code.tex) (c:/texlive/2021/texmf-dist/tex/generic/pgf/math/pgfmathfunctions.trigonometric.code.tex) (c:/texlive/2021/texmf-dist/tex/generic/pgf/math/pgfmathfunctions.random.code.tex) (c:/texlive/2021/texmf-dist/tex/generic/pgf/math/pgfmathfunctions.comparison.code.tex) (c:/texlive/2021/texmf-dist/tex/generic/pgf/math/pgfmathfunctions.base.code.tex) (c:/texlive/2021/texmf-dist/tex/generic/pgf/math/pgfmathfunctions.round.code.tex) (c:/texlive/2021/texmf-dist/tex/generic/pgf/math/pgfmathfunctions.misc.code.tex) (c:/texlive/2021/texmf-dist/tex/generic/pgf/math/pgfmathfunctions.integerarithmetics.code.tex))) (c:/texlive/2021/texmf-dist/tex/generic/pgf/math/pgfmathfloat.code.tex
\c@pgfmathroundto@lastzeros=\count266
)) (c:/texlive/2021/texmf-dist/tex/generic/pgf/math/pgfint.code.tex) (c:/texlive/2021/texmf-dist/tex/generic/pgf/basiclayer/pgfcorepoints.code.tex
File: pgfcorepoints.code.tex 2021/05/15 v3.1.9a (3.1.9a)
\pgf@picminx=\dimen156
\pgf@picmaxx=\dimen157
\pgf@picminy=\dimen158
\pgf@picmaxy=\dimen159
\pgf@pathminx=\dimen160
\pgf@pathmaxx=\dimen161
\pgf@pathminy=\dimen162
\pgf@pathmaxy=\dimen163
\pgf@xx=\dimen164
\pgf@xy=\dimen165
\pgf@yx=\dimen166
\pgf@yy=\dimen167
\pgf@zx=\dimen168
\pgf@zy=\dimen169
) (c:/texlive/2021/texmf-dist/tex/generic/pgf/basiclayer/pgfcorepathconstruct.code.tex
File: pgfcorepathconstruct.code.tex 2021/05/15 v3.1.9a (3.1.9a)
\pgf@path@lastx=\dimen170
\pgf@path@lasty=\dimen171
) (c:/texlive/2021/texmf-dist/tex/generic/pgf/basiclayer/pgfcorepathusage.code.tex
File: pgfcorepathusage.code.tex 2021/05/15 v3.1.9a (3.1.9a)
\pgf@shorten@end@additional=\dimen172
\pgf@shorten@start@additional=\dimen173
) (c:/texlive/2021/texmf-dist/tex/generic/pgf/basiclayer/pgfcorescopes.code.tex
File: pgfcorescopes.code.tex 2021/05/15 v3.1.9a (3.1.9a)
\pgfpic=\box52
\pgf@hbox=\box53
\pgf@layerbox@main=\box54
\pgf@picture@serial@count=\count267
) (c:/texlive/2021/texmf-dist/tex/generic/pgf/basiclayer/pgfcoregraphicstate.code.tex
File: pgfcoregraphicstate.code.tex 2021/05/15 v3.1.9a (3.1.9a)
\pgflinewidth=\dimen174
) (c:/texlive/2021/texmf-dist/tex/generic/pgf/basiclayer/pgfcoretransformations.code.tex
File: pgfcoretransformations.code.tex 2021/05/15 v3.1.9a (3.1.9a)
\pgf@pt@x=\dimen175
\pgf@pt@y=\dimen176
\pgf@pt@temp=\dimen177
) (c:/texlive/2021/texmf-dist/tex/generic/pgf/basiclayer/pgfcorequick.code.tex
File: pgfcorequick.code.tex 2021/05/15 v3.1.9a (3.1.9a)
) (c:/texlive/2021/texmf-dist/tex/generic/pgf/basiclayer/pgfcoreobjects.code.tex
File: pgfcoreobjects.code.tex 2021/05/15 v3.1.9a (3.1.9a)
) (c:/texlive/2021/texmf-dist/tex/generic/pgf/basiclayer/pgfcorepathprocessing.code.tex
File: pgfcorepathprocessing.code.tex 2021/05/15 v3.1.9a (3.1.9a)
) (c:/texlive/2021/texmf-dist/tex/generic/pgf/basiclayer/pgfcorearrows.code.tex
File: pgfcorearrows.code.tex 2021/05/15 v3.1.9a (3.1.9a)
\pgfarrowsep=\dimen178
) (c:/texlive/2021/texmf-dist/tex/generic/pgf/basiclayer/pgfcoreshade.code.tex
File: pgfcoreshade.code.tex 2021/05/15 v3.1.9a (3.1.9a)
\pgf@max=\dimen179
\pgf@sys@shading@range@num=\count268
\pgf@shadingcount=\count269
) (c:/texlive/2021/texmf-dist/tex/generic/pgf/basiclayer/pgfcoreimage.code.tex
File: pgfcoreimage.code.tex 2021/05/15 v3.1.9a (3.1.9a)
 (c:/texlive/2021/texmf-dist/tex/generic/pgf/basiclayer/pgfcoreexternal.code.tex
File: pgfcoreexternal.code.tex 2021/05/15 v3.1.9a (3.1.9a)
\pgfexternal@startupbox=\box55
)) (c:/texlive/2021/texmf-dist/tex/generic/pgf/basiclayer/pgfcorelayers.code.tex
File: pgfcorelayers.code.tex 2021/05/15 v3.1.9a (3.1.9a)
) (c:/texlive/2021/texmf-dist/tex/generic/pgf/basiclayer/pgfcoretransparency.code.tex
File: pgfcoretransparency.code.tex 2021/05/15 v3.1.9a (3.1.9a)
) (c:/texlive/2021/texmf-dist/tex/generic/pgf/basiclayer/pgfcorepatterns.code.tex
File: pgfcorepatterns.code.tex 2021/05/15 v3.1.9a (3.1.9a)
) (c:/texlive/2021/texmf-dist/tex/generic/pgf/basiclayer/pgfcorerdf.code.tex
File: pgfcorerdf.code.tex 2021/05/15 v3.1.9a (3.1.9a)
))) (c:/texlive/2021/texmf-dist/tex/generic/pgf/modules/pgfmoduleshapes.code.tex
File: pgfmoduleshapes.code.tex 2021/05/15 v3.1.9a (3.1.9a)
\pgfnodeparttextbox=\box56
) (c:/texlive/2021/texmf-dist/tex/generic/pgf/modules/pgfmoduleplot.code.tex
File: pgfmoduleplot.code.tex 2021/05/15 v3.1.9a (3.1.9a)
) (c:/texlive/2021/texmf-dist/tex/latex/pgf/compatibility/pgfcomp-version-0-65.sty
Package: pgfcomp-version-0-65 2021/05/15 v3.1.9a (3.1.9a)
\pgf@nodesepstart=\dimen180
\pgf@nodesepend=\dimen181
) (c:/texlive/2021/texmf-dist/tex/latex/pgf/compatibility/pgfcomp-version-1-18.sty
Package: pgfcomp-version-1-18 2021/05/15 v3.1.9a (3.1.9a)
)) (c:/texlive/2021/texmf-dist/tex/latex/pgf/utilities/pgffor.sty (c:/texlive/2021/texmf-dist/tex/latex/pgf/utilities/pgfkeys.sty (c:/texlive/2021/texmf-dist/tex/generic/pgf/utilities/pgfkeys.code.tex)) (c:/texlive/2021/texmf-dist/tex/latex/pgf/math/pgfmath.sty (c:/texlive/2021/texmf-dist/tex/generic/pgf/math/pgfmath.code.tex)) (c:/texlive/2021/texmf-dist/tex/generic/pgf/utilities/pgffor.code.tex
Package: pgffor 2021/05/15 v3.1.9a (3.1.9a)
 (c:/texlive/2021/texmf-dist/tex/generic/pgf/math/pgfmath.code.tex)
\pgffor@iter=\dimen182
\pgffor@skip=\dimen183
\pgffor@stack=\toks29
\pgffor@toks=\toks30
)) (c:/texlive/2021/texmf-dist/tex/generic/pgf/frontendlayer/tikz/tikz.code.tex
Package: tikz 2021/05/15 v3.1.9a (3.1.9a)
 (c:/texlive/2021/texmf-dist/tex/generic/pgf/libraries/pgflibraryplothandlers.code.tex
File: pgflibraryplothandlers.code.tex 2021/05/15 v3.1.9a (3.1.9a)
\pgf@plot@mark@count=\count270
\pgfplotmarksize=\dimen184
)
\tikz@lastx=\dimen185
\tikz@lasty=\dimen186
\tikz@lastxsaved=\dimen187
\tikz@lastysaved=\dimen188
\tikz@lastmovetox=\dimen189
\tikz@lastmovetoy=\dimen190
\tikzleveldistance=\dimen191
\tikzsiblingdistance=\dimen192
\tikz@figbox=\box57
\tikz@figbox@bg=\box58
\tikz@tempbox=\box59
\tikz@tempbox@bg=\box60
\tikztreelevel=\count271
\tikznumberofchildren=\count272
\tikznumberofcurrentchild=\count273
\tikz@fig@count=\count274
 (c:/texlive/2021/texmf-dist/tex/generic/pgf/modules/pgfmodulematrix.code.tex
File: pgfmodulematrix.code.tex 2021/05/15 v3.1.9a (3.1.9a)
\pgfmatrixcurrentrow=\count275
\pgfmatrixcurrentcolumn=\count276
\pgf@matrix@numberofcolumns=\count277
)
\tikz@expandcount=\count278
 (c:/texlive/2021/texmf-dist/tex/generic/pgf/frontendlayer/tikz/libraries/tikzlibrarytopaths.code.tex
File: tikzlibrarytopaths.code.tex 2021/05/15 v3.1.9a (3.1.9a)
))) (c:/texlive/2021/texmf-dist/tex/generic/pgfplots/pgfplots.code.tex (c:/texlive/2021/texmf-dist/tex/generic/pgfplots/pgfplotscore.code.tex
\t@pgfplots@toka=\toks31
\t@pgfplots@tokb=\toks32
\t@pgfplots@tokc=\toks33
\pgfplots@tmpa=\dimen193
\c@pgfplots@coordindex=\count279
\c@pgfplots@scanlineindex=\count280
 (c:/texlive/2021/texmf-dist/tex/generic/pgfplots/sys/pgfplotssysgeneric.code.tex)) (c:/texlive/2021/texmf-dist/tex/generic/pgfplots/libs/pgfplotslibrary.code.tex) (c:/texlive/2021/texmf-dist/tex/generic/pgfplots/oldpgfcompatib/pgfplotsoldpgfsupp_loader.code.tex (c:/texlive/2021/texmf-dist/tex/generic/pgf/libraries/pgflibraryfpu.code.tex)) (c:/texlive/2021/texmf-dist/tex/generic/pgfplots/util/pgfplotsutil.code.tex (c:/texlive/2021/texmf-dist/tex/generic/pgfplots/liststructure/pgfplotsliststructure.code.tex) (c:/texlive/2021/texmf-dist/tex/generic/pgfplots/liststructure/pgfplotsliststructureext.code.tex) (c:/texlive/2021/texmf-dist/tex/generic/pgfplots/liststructure/pgfplotsarray.code.tex
\c@pgfplotsarray@tmp=\count281
) (c:/texlive/2021/texmf-dist/tex/generic/pgfplots/liststructure/pgfplotsmatrix.code.tex) (c:/texlive/2021/texmf-dist/tex/generic/pgfplots/numtable/pgfplotstableshared.code.tex
\c@pgfplotstable@counta=\count282
\t@pgfplotstable@a=\toks34
) (c:/texlive/2021/texmf-dist/tex/generic/pgfplots/liststructure/pgfplotsdeque.code.tex) (c:/texlive/2021/texmf-dist/tex/generic/pgfplots/util/pgfplotsbinary.code.tex (c:/texlive/2021/texmf-dist/tex/generic/pgfplots/util/pgfplotsbinary.data.code.tex)) (c:/texlive/2021/texmf-dist/tex/generic/pgfplots/util/pgfplotsutil.verb.code.tex) (c:/texlive/2021/texmf-dist/tex/generic/pgfplots/libs/pgflibrarypgfplots.surfshading.code.tex
\c@pgfplotslibrarysurf@no=\count283
 (c:/texlive/2021/texmf-dist/tex/generic/pgfplots/sys/pgflibrarypgfplots.surfshading.pgfsys-pdftex.def))) (c:/texlive/2021/texmf-dist/tex/generic/pgfplots/util/pgfplotscolormap.code.tex (c:/texlive/2021/texmf-dist/tex/generic/pgfplots/util/pgfplotscolor.code.tex)) (c:/texlive/2021/texmf-dist/tex/generic/pgfplots/pgfplotsstackedplots.code.tex) (c:/texlive/2021/texmf-dist/tex/generic/pgfplots/pgfplotsplothandlers.code.tex (c:/texlive/2021/texmf-dist/tex/generic/pgfplots/pgfplotsmeshplothandler.code.tex (c:/texlive/2021/texmf-dist/tex/generic/pgfplots/pgfplotsmeshplotimage.code.tex))) (c:/texlive/2021/texmf-dist/tex/generic/pgfplots/pgfplots.scaling.code.tex) (c:/texlive/2021/texmf-dist/tex/generic/pgfplots/pgfplotscoordprocessing.code.tex) (c:/texlive/2021/texmf-dist/tex/generic/pgfplots/pgfplots.errorbars.code.tex) (c:/texlive/2021/texmf-dist/tex/generic/pgfplots/pgfplots.markers.code.tex) (c:/texlive/2021/texmf-dist/tex/generic/pgfplots/pgfplotsticks.code.tex) (c:/texlive/2021/texmf-dist/tex/generic/pgfplots/pgfplots.paths.code.tex) (c:/texlive/2021/texmf-dist/tex/generic/pgf/frontendlayer/tikz/libraries/tikzlibrarydecorations.code.tex (c:/texlive/2021/texmf-dist/tex/generic/pgf/modules/pgfmoduledecorations.code.tex
\pgfdecoratedcompleteddistance=\dimen194
\pgfdecoratedremainingdistance=\dimen195
\pgfdecoratedinputsegmentcompleteddistance=\dimen196
\pgfdecoratedinputsegmentremainingdistance=\dimen197
\pgf@decorate@distancetomove=\dimen198
\pgf@decorate@repeatstate=\count284
\pgfdecorationsegmentamplitude=\dimen199
\pgfdecorationsegmentlength=\dimen256
)
\tikz@lib@dec@box=\box61
) (c:/texlive/2021/texmf-dist/tex/generic/pgf/frontendlayer/tikz/libraries/tikzlibrarydecorations.pathmorphing.code.tex (c:/texlive/2021/texmf-dist/tex/generic/pgf/libraries/decorations/pgflibrarydecorations.pathmorphing.code.tex)) (c:/texlive/2021/texmf-dist/tex/generic/pgf/frontendlayer/tikz/libraries/tikzlibrarydecorations.pathreplacing.code.tex (c:/texlive/2021/texmf-dist/tex/generic/pgf/libraries/decorations/pgflibrarydecorations.pathreplacing.code.tex)) (c:/texlive/2021/texmf-dist/tex/generic/pgfplots/libs/tikzlibrarypgfplots.contourlua.code.tex)
\pgfplots@numplots=\count285
\pgfplots@xmin@reg=\dimen257
\pgfplots@xmax@reg=\dimen258
\pgfplots@ymin@reg=\dimen259
\pgfplots@ymax@reg=\dimen260
\pgfplots@zmin@reg=\dimen261
\pgfplots@zmax@reg=\dimen262
) (c:/texlive/2021/texmf-dist/tex/generic/pgf/frontendlayer/tikz/libraries/tikzlibraryplotmarks.code.tex
File: tikzlibraryplotmarks.code.tex 2021/05/15 v3.1.9a (3.1.9a)
 (c:/texlive/2021/texmf-dist/tex/generic/pgf/libraries/pgflibraryplotmarks.code.tex
File: pgflibraryplotmarks.code.tex 2021/05/15 v3.1.9a (3.1.9a)
))) (c:/texlive/2021/texmf-dist/tex/latex/geometry/geometry.sty
Package: geometry 2020/01/02 v5.9 Page Geometry
 (c:/texlive/2021/texmf-dist/tex/generic/iftex/ifvtex.sty
Package: ifvtex 2019/10/25 v1.7 ifvtex legacy package. Use iftex instead.
 (c:/texlive/2021/texmf-dist/tex/generic/iftex/iftex.sty
Package: iftex 2020/03/06 v1.0d TeX engine tests
))
\Gm@cnth=\count286
\Gm@cntv=\count287
\c@Gm@tempcnt=\count288
\Gm@bindingoffset=\dimen263
\Gm@wd@mp=\dimen264
\Gm@odd@mp=\dimen265
\Gm@even@mp=\dimen266
\Gm@layoutwidth=\dimen267
\Gm@layoutheight=\dimen268
\Gm@layouthoffset=\dimen269
\Gm@layoutvoffset=\dimen270
\Gm@dimlist=\toks35
) (c:/texlive/2021/texmf-dist/tex/latex/flowfram/flowfram.sty
Package: flowfram 2014/09/30 v1.17 (NLCT)
 (c:/texlive/2021/texmf-dist/tex/latex/base/ifthen.sty
Package: ifthen 2020/11/24 v1.1c Standard LaTeX ifthen package (DPC)
) (c:/texlive/2021/texmf-dist/tex/latex/xkeyval/xkeyval.sty
Package: xkeyval 2020/11/20 v2.8 package option processing (HA)
 (c:/texlive/2021/texmf-dist/tex/generic/xkeyval/xkeyval.tex
(c:/texlive/2021/texmf-dist/tex/generic/xkeyval/xkvutils.tex
\XKV@toks=\toks36
\XKV@tempa@toks=\toks37
)
\XKV@depth=\count289
File: xkeyval.tex 2014/12/03 v2.7a key=value parser (HA)
)) (c:/texlive/2021/texmf-dist/tex/latex/tools/afterpage.sty
Package: afterpage 2014/10/28 v1.08 After-Page Package (DPC)
\AP@output=\toks38
\AP@partial=\box62
\AP@footins=\box63
) (c:/texlive/2021/texmf-dist/tex/latex/xfor/xfor.sty
Package: xfor 2009/02/05 v1.05 (NLCT)
) (c:/texlive/2021/texmf-dist/tex/latex/etoolbox/etoolbox.sty
Package: etoolbox 2020/10/05 v2.5k e-TeX tools for LaTeX (JAW)
\etb@tempcnta=\count290
)
\fflabelsep=\skip49
\c@absolutepage=\count291
\c@maxflow=\count292
\c@thisframe=\count293
\c@displayedframe=\count294
\c@maxstatic=\count295
\c@maxdynamic=\count296
\@colN=\count297
\@ff@tmpN=\count298
\ff@id=\count299
\@ff@offset=\skip50
\@ff@tmp@x=\skip51
\@ff@tmp@x@even=\skip52
\@ff@tmp@y=\skip53
\sdfparindent=\skip54
\flowframesep=\skip55
\flowframerule=\skip56
\staticframe=\box64
\@dynamictok=\toks39
\flf@ta=\toks40
\flf@tb=\toks41
\ffareawidth=\skip57
\ffareaheight=\skip58
\ffareax=\skip59
\ffareay=\skip60
\ffareaevenx=\skip61
\ffareaeveny=\skip62
\fftolerance=\skip63
\c@ffrangenum=\count300
\c@curpg=\count301
\ffevenoffset=\skip64
\@nxtcol=\count302
\columnheight=\skip65
\vcolumnsep=\skip66
\@ff@staticH=\skip67
\@ff@adjh=\count303
\@ff@staticW=\skip68
\@thisstrip=\count304
\ffcolumnseprule=\skip69
\@ff@left@x=\skip70
\@ff@left@y=\skip71
\@ff@left@evenx=\skip72
\@ff@left@eveny=\skip73
\@ff@left@width=\skip74
\@ff@left@height=\skip75
\c@maxthumbtabs=\count305
\thumbtabwidth=\skip76
\@greyscale=\count306
\c@maxtocunits=\count307
\c@maxminitoc=\count308
\@ttb@level=\count309
\@ttb@minitoclevel=\count310
\beforeminitocskip=\skip77
\afterminitocskip=\skip78
\c@minitoc=\count311
)
\columni=\box65
\colwidthi=\skip79
\colheighti=\skip80
\col@i@posx=\skip81
\col@i@posy=\skip82
\col@i@evenx=\skip83
\col@i@eveny=\skip84
\columnii=\box66
\colwidthii=\skip85
\colheightii=\skip86
\col@ii@posx=\skip87
\col@ii@posy=\skip88
\col@ii@evenx=\skip89
\col@ii@eveny=\skip90
\columniii=\box67
\colwidthiii=\skip91
\colheightiii=\skip92
\col@iii@posx=\skip93
\col@iii@posy=\skip94
\col@iii@evenx=\skip95
\col@iii@eveny=\skip96
 (c:/texlive/2021/texmf-dist/tex/latex/tcolorbox/tcolorbox.sty
Package: tcolorbox 2021/06/14 version 4.51 text color boxes
 (c:/texlive/2021/texmf-dist/tex/latex/tools/verbatim.sty
Package: verbatim 2020-07-07 v1.5u LaTeX2e package for verbatim enhancements
\every@verbatim=\toks42
\verbatim@line=\toks43
\verbatim@in@stream=\read4
) (c:/texlive/2021/texmf-dist/tex/latex/environ/environ.sty
Package: environ 2014/05/04 v0.3 A new way to define environments
 (c:/texlive/2021/texmf-dist/tex/latex/trimspaces/trimspaces.sty
Package: trimspaces 2009/09/17 v1.1 Trim spaces around a token list
)
\@envbody=\toks44
)
\tcb@titlebox=\box68
\tcb@upperbox=\box69
\tcb@lowerbox=\box70
\tcb@phantombox=\box71
\c@tcbbreakpart=\count312
\c@tcblayer=\count313
\c@tcolorbox@number=\count314
\tcb@temp=\box72
\tcb@temp=\box73
\tcb@temp=\box74
\tcb@temp=\box75
) (c:/texlive/2021/texmf-dist/tex/latex/enumitem/enumitem.sty
Package: enumitem 2019/06/20 v3.9 Customized lists
\labelindent=\skip97
\enit@outerparindent=\dimen271
\enit@toks=\toks45
\enit@inbox=\box76
\enit@count@id=\count315
\enitdp@description=\count316
) (c:/texlive/2021/texmf-dist/tex/latex/titlesec/titlesec.sty
Package: titlesec 2019/10/16 v2.13 Sectioning titles
\ttl@box=\box77
\beforetitleunit=\skip98
\aftertitleunit=\skip99
\ttl@plus=\dimen272
\ttl@minus=\dimen273
\ttl@toksa=\toks46
\titlewidth=\dimen274
\titlewidthlast=\dimen275
\titlewidthfirst=\dimen276
)
\c@behauptung=\count317
 (c:/texlive/2021/texmf-dist/tex/latex/amscls/amsthm.sty
Package: amsthm 2020/05/29 v2.20.6
\thm@style=\toks47
\thm@bodyfont=\toks48
\thm@headfont=\toks49
\thm@notefont=\toks50
\thm@headpunct=\toks51
\thm@preskip=\skip100
\thm@postskip=\skip101
\thm@headsep=\skip102
\dth@everypar=\toks52
) (c:/texlive/2021/texmf-dist/tex/latex/mathtools/mathtools.sty
Package: mathtools 2021/04/12 v1.27 mathematical typesetting tools
 (c:/texlive/2021/texmf-dist/tex/latex/tools/calc.sty
Package: calc 2017/05/25 v4.3 Infix arithmetic (KKT,FJ)
\calc@Acount=\count318
\calc@Bcount=\count319
\calc@Adimen=\dimen277
\calc@Bdimen=\dimen278
\calc@Askip=\skip103
\calc@Bskip=\skip104
LaTeX Info: Redefining \setlength on input line 80.
LaTeX Info: Redefining \addtolength on input line 81.
\calc@Ccount=\count320
\calc@Cskip=\skip105
) (c:/texlive/2021/texmf-dist/tex/latex/mathtools/mhsetup.sty
Package: mhsetup 2021/03/18 v1.4 programming setup (MH)
) (c:/texlive/2021/texmf-dist/tex/latex/amsmath/amsmath.sty
Package: amsmath 2021/04/20 v2.17j AMS math features
\@mathmargin=\skip106

For additional information on amsmath, use the `?' option.
(c:/texlive/2021/texmf-dist/tex/latex/amsmath/amstext.sty
Package: amstext 2000/06/29 v2.01 AMS text
 (c:/texlive/2021/texmf-dist/tex/latex/amsmath/amsgen.sty
File: amsgen.sty 1999/11/30 v2.0 generic functions
\@emptytoks=\toks53
\ex@=\dimen279
)) (c:/texlive/2021/texmf-dist/tex/latex/amsmath/amsbsy.sty
Package: amsbsy 1999/11/29 v1.2d Bold Symbols
\pmbraise@=\dimen280
) (c:/texlive/2021/texmf-dist/tex/latex/amsmath/amsopn.sty
Package: amsopn 2016/03/08 v2.02 operator names
)
\inf@bad=\count321
LaTeX Info: Redefining \frac on input line 234.
\uproot@=\count322
\leftroot@=\count323
LaTeX Info: Redefining \overline on input line 399.
\classnum@=\count324
\DOTSCASE@=\count325
LaTeX Info: Redefining \ldots on input line 496.
LaTeX Info: Redefining \dots on input line 499.
LaTeX Info: Redefining \cdots on input line 620.
\Mathstrutbox@=\box78
\strutbox@=\box79
\big@size=\dimen281
LaTeX Font Info:    Redeclaring font encoding OML on input line 743.
LaTeX Font Info:    Redeclaring font encoding OMS on input line 744.
\macc@depth=\count326
\c@MaxMatrixCols=\count327
\dotsspace@=\muskip16
\c@parentequation=\count328
\dspbrk@lvl=\count329
\tag@help=\toks54
\row@=\count330
\column@=\count331
\maxfields@=\count332
\andhelp@=\toks55
\eqnshift@=\dimen282
\alignsep@=\dimen283
\tagshift@=\dimen284
\tagwidth@=\dimen285
\totwidth@=\dimen286
\lineht@=\dimen287
\@envbody=\toks56
\multlinegap=\skip107
\multlinetaggap=\skip108
\mathdisplay@stack=\toks57
LaTeX Info: Redefining \[ on input line 2923.
LaTeX Info: Redefining \] on input line 2924.
)
LaTeX Info: Thecontrolsequence`\('isalreadyrobust on input line 130.
LaTeX Info: Thecontrolsequence`\)'isalreadyrobust on input line 130.
LaTeX Info: Thecontrolsequence`\['isalreadyrobust on input line 130.
LaTeX Info: Thecontrolsequence`\]'isalreadyrobust on input line 130.
\g_MT_multlinerow_int=\count333
\l_MT_multwidth_dim=\dimen288
\origjot=\skip109
\l_MT_shortvdotswithinadjustabove_dim=\dimen289
\l_MT_shortvdotswithinadjustbelow_dim=\dimen290
\l_MT_above_intertext_sep=\dimen291
\l_MT_below_intertext_sep=\dimen292
\l_MT_above_shortintertext_sep=\dimen293
\l_MT_below_shortintertext_sep=\dimen294
\xmathstrut@box=\box80
\xmathstrut@dim=\dimen295
) (c:/texlive/2021/texmf-dist/tex/latex/amsfonts/amssymb.sty
Package: amssymb 2013/01/14 v3.01 AMS font symbols
 (c:/texlive/2021/texmf-dist/tex/latex/amsfonts/amsfonts.sty
Package: amsfonts 2013/01/14 v3.01 Basic AMSFonts support
\symAMSa=\mathgroup4
\symAMSb=\mathgroup5
LaTeX Font Info:    Redeclaring math symbol \hbar on input line 98.
LaTeX Font Info:    Overwriting math alphabet `\mathfrak' in version `bold'
(Font)                  U/euf/m/n --> U/euf/b/n on input line 106.
)) (c:/texlive/2021/texmf-dist/tex/latex/marvosym/marvosym.sty
Package: marvosym 2011/07/20 v2.2 Martin Vogel's Symbols font definitions
) (c:/texlive/2021/texmf-dist/tex/latex/wasysym/wasysym.sty
Package: wasysym 2020/01/19 v2.4 Wasy-2 symbol support package
\symwasy=\mathgroup6
LaTeX Font Info:    Overwriting symbol font `wasy' in version `bold'
(Font)                  U/wasy/m/n --> U/wasy/b/n on input line 93.
) (c:/texlive/2021/texmf-dist/tex/latex/tools/tabularx.sty
Package: tabularx 2020/01/15 v2.11c `tabularx' package (DPC)
 (c:/texlive/2021/texmf-dist/tex/latex/tools/array.sty
Package: array 2021/04/20 v2.5e Tabular extension package (FMi)
\col@sep=\dimen296
\ar@mcellbox=\box81
\extrarowheight=\dimen297
\NC@list=\toks58
\extratabsurround=\skip110
\backup@length=\skip111
\ar@cellbox=\box82
)
\TX@col@width=\dimen298
\TX@old@table=\dimen299
\TX@old@col=\dimen300
\TX@target=\dimen301
\TX@delta=\dimen302
\TX@cols=\count334
\TX@ftn=\toks59
) (c:/texlive/2021/texmf-dist/tex/latex/multirow/multirow.sty
Package: multirow 2021/03/15 v2.8 Span multiple rows of a table
\multirow@colwidth=\skip112
\multirow@cntb=\count335
\multirow@dima=\skip113
\bigstrutjot=\dimen303
) (c:/texlive/2021/texmf-dist/tex/latex/booktabs/booktabs.sty
Package: booktabs 2020/01/12 v1.61803398 Publication quality tables
\heavyrulewidth=\dimen304
\lightrulewidth=\dimen305
\cmidrulewidth=\dimen306
\belowrulesep=\dimen307
\belowbottomsep=\dimen308
\aboverulesep=\dimen309
\abovetopsep=\dimen310
\cmidrulesep=\dimen311
\cmidrulekern=\dimen312
\defaultaddspace=\dimen313
\@cmidla=\count336
\@cmidlb=\count337
\@aboverulesep=\dimen314
\@belowrulesep=\dimen315
\@thisruleclass=\count338
\@lastruleclass=\count339
\@thisrulewidth=\dimen316
) (c:/texlive/2021/texmf-dist/tex/latex/l3backend/l3backend-pdftex.def
File: l3backend-pdftex.def 2021-05-07 L3 backend support: PDF output (pdfTeX)
\l__color_backend_stack_int=\count340
\l__pdf_internal_box=\box83
) (./analysis1_cheatsheet.aux)
\openout1 = `analysis1_cheatsheet.aux'.

LaTeX Font Info:    Checking defaults for OML/cmm/m/it on input line 106.
LaTeX Font Info:    ... okay on input line 106.
LaTeX Font Info:    Checking defaults for OMS/cmsy/m/n on input line 106.
LaTeX Font Info:    ... okay on input line 106.
LaTeX Font Info:    Checking defaults for OT1/cmr/m/n on input line 106.
LaTeX Font Info:    ... okay on input line 106.
LaTeX Font Info:    Checking defaults for T1/cmr/m/n on input line 106.
LaTeX Font Info:    ... okay on input line 106.
LaTeX Font Info:    Checking defaults for TS1/cmr/m/n on input line 106.
LaTeX Font Info:    ... okay on input line 106.
LaTeX Font Info:    Checking defaults for OMX/cmex/m/n on input line 106.
LaTeX Font Info:    ... okay on input line 106.
LaTeX Font Info:    Checking defaults for U/cmr/m/n on input line 106.
LaTeX Font Info:    ... okay on input line 106.
 (c:/texlive/2021/texmf-dist/tex/context/base/mkii/supp-pdf.mkii
[Loading MPS to PDF converter (version 2006.09.02).]
\scratchcounter=\count341
\scratchdimen=\dimen317
\scratchbox=\box84
\nofMPsegments=\count342
\nofMParguments=\count343
\everyMPshowfont=\toks60
\MPscratchCnt=\count344
\MPscratchDim=\dimen318
\MPnumerator=\count345
\makeMPintoPDFobject=\count346
\everyMPtoPDFconversion=\toks61
) (c:/texlive/2021/texmf-dist/tex/latex/epstopdf-pkg/epstopdf-base.sty
Package: epstopdf-base 2020-01-24 v2.11 Base part for package epstopdf
Package epstopdf-base Info: Redefining graphics rule for `.eps' on input line 485.
 (c:/texlive/2021/texmf-dist/tex/latex/latexconfig/epstopdf-sys.cfg
File: epstopdf-sys.cfg 2010/07/13 v1.3 Configuration of (r)epstopdf for TeX Live
))
Package pgfplots notification 'compat/show suggested version=true': you might benefit from \pgfplotsset{compat=1.18} (current compat level: 1.5).

*geometry* driver: auto-detecting
*geometry* detected driver: pdftex
*geometry* verbose mode - [ preamble ] result:
* driver: pdftex
* paper: a4paper
* layout: <same size as paper>
* layoutoffset:(h,v)=(0.0pt,0.0pt)
* modes: landscape 
* h-part:(L,W,R)=(21.33955pt, 802.36774pt, 21.33955pt)
* v-part:(T,H,B)=(28.45274pt, 526.376pt, 42.67912pt)
* \paperwidth=845.04684pt
* \paperheight=597.50787pt
* \textwidth=802.36774pt
* \textheight=526.376pt
* \oddsidemargin=-50.93044pt
* \evensidemargin=-50.93044pt
* \topmargin=-80.81725pt
* \headheight=12.0pt
* \headsep=25.0pt
* \topskip=9.0pt
* \footskip=15.0pt
* \marginparwidth=65.0pt
* \marginparsep=10.0pt
* \columnsep=21.33955pt
* \skip\footins=7.0pt plus 4.0pt minus 2.0pt
* \hoffset=0.0pt
* \voffset=0.0pt
* \mag=1000
* \@twocolumnfalse
* \@twosidefalse
* \@mparswitchfalse
* \@reversemarginfalse
* (1in=72.27pt=25.4mm, 1cm=28.453pt)

LaTeX Font Info:    Trying to load font information for U+msa on input line 111.
(c:/texlive/2021/texmf-dist/tex/latex/amsfonts/umsa.fd
File: umsa.fd 2013/01/14 v3.01 AMS symbols A
)
LaTeX Font Info:    Trying to load font information for U+msb on input line 111.
 (c:/texlive/2021/texmf-dist/tex/latex/amsfonts/umsb.fd
File: umsb.fd 2013/01/14 v3.01 AMS symbols B
)
LaTeX Font Info:    Trying to load font information for U+wasy on input line 111.
 (c:/texlive/2021/texmf-dist/tex/latex/wasysym/uwasy.fd
File: uwasy.fd 2020/01/19 v2.4 Wasy-2 symbol font definitions
)
Overfull \hbox (7.74344pt too wide) in paragraph at lines 134--140
\OT1/cmr/bx/n/8 Be-mer-kung:  $\OT1/cmr/m/n/8 (\OML/cmm/m/it/8 a[]\OT1/cmr/m/n/8 )$ kon-ver-gent $ \OMS/cmsy/m/n/8 ([])  \OT1/cmr/m/n/8 (\OML/cmm/m/it/8 a[]\OT1/cmr/m/n/8 )$ be-schr[]ankt \OT1/cmr/bx/n/8 und $[] [] \OML/cmm/m/it/8 a[] \OT1/cmr/m/n/8 =
 []


Underfull \hbox (badness 3209) in paragraph at lines 209--210
[]$[][]\OT1/cmr/m/n/8 (\OML/cmm/m/it/8 a[] \OT1/cmr/m/n/8 + \OML/cmm/m/it/8 b[]\OT1/cmr/m/n/8 )$ kon-ver-gent und $[][](\OML/cmm/m/it/8 a[] \OT1/cmr/m/n/8 + \OML/cmm/m/it/8 b[]\OT1/cmr/m/n/8 ) =
 []

[1{c:/texlive/2021/texmf-var/fonts/map/pdftex/updmap/pdftex.map}

]
Overfull \hbox (34.02608pt too wide) in paragraph at lines 312--313
[]\OT1/cmr/m/n/8 Ist Rei-he ein be-kann-ter Typ? (Te-le-sko-pie-ren, Geo-me-tri-sche/Harmonische
 []

<zwischenwertsatz.png, id=24, 521.69907pt x 331.99031pt>
File: zwischenwertsatz.png Graphic file (type png)
<use zwischenwertsatz.png>
Package pdftex.def Info: zwischenwertsatz.png  used on input line 344.
(pdftex.def)             Requested size: 240.40506pt x 152.98587pt.
[2]
Overfull \hbox (3.91258pt too wide) in paragraph at lines 423--424
\OT1/cmr/m/n/8 der Grenz-wert der ein-ge-schr[]ankten Funk-ti-on $\OML/cmm/m/it/8 f$ \OT1/cmr/m/n/8 im Be-reich $\OML/cmm/m/it/8 D\OMS/cmsy/m/n/8 \\OT1/cmr/m/n/8 ]\OML/cmm/m/it/8 x[]; \OT1/cmr/m/n/8 +\OMS/cmsy/m/n/8 1\OT1/cmr/m/n/8 [$
 []

[3 <./zwischenwertsatz.png>]
Underfull \hbox (badness 10000) in paragraph at lines 446--448

 []


Package amsmath Warning: Foreign command \atopwithdelims;
(amsmath)                \frac or \genfrac should be used instead
(amsmath)                 on input line 499.

<mittelwertsatz.png, id=36, 476.53032pt x 260.47313pt>
File: mittelwertsatz.png Graphic file (type png)
<use mittelwertsatz.png>
Package pdftex.def Info: mittelwertsatz.png  used on input line 511.
(pdftex.def)             Requested size: 240.40506pt x 131.4087pt.
[4 <./mittelwertsatz.png>]
Overfull \hbox (4.2056pt too wide) in paragraph at lines 568--571
\OT1/cmr/bx/n/8 Bemerkung:  \OT1/cmr/m/n/8 Al-le Aus-sa-gen gel-ten auch f[]ur \OT1/cmr/bx/n/8 Kon-ka-vit[]at\OT1/cmr/m/n/8 , wir m[]ussen
 []


Underfull \hbox (badness 10000) in paragraph at lines 663--664
[]\OT1/cmr/m/n/8 Mithilfe der Pa-ri-ti-on k[]onnen wir nun die Un-erts-um-
 []

[5] [6]
Overfull \hbox (17.58508pt too wide) in paragraph at lines 831--835
\OT1/cmr/m/n/8 ver-wen-den. Wei-ter gilt, dass wenn die Funk-ti-on $\OML/cmm/m/it/8 f \OT1/cmr/m/n/8 : [1\OML/cmm/m/it/8 ; \OMS/cmsy/m/n/8 1\OT1/cmr/m/n/8 [\OMS/cmsy/m/n/8 ! \OT1/cmr/m/n/8 [0\OML/cmm/m/it/8 ; \OMS/cmsy/m/n/8 1\OT1/cmr/m/n/8 [$monoton
 []


Overfull \hbox (4.81723pt too wide) in paragraph at lines 845--845
\OT1/cmr/m/n/8 Die Gam-ma Funk-ti-on ist die ein-zi-ge Funk-ti-on $]0\OML/cmm/m/it/8 ; \OMS/cmsy/m/n/8 1\OT1/cmr/m/n/8 [\OMS/cmsy/m/n/8 !\OT1/cmr/m/n/8 ]0\OML/cmm/m/it/8 ; \OMS/cmsy/m/n/8 1\OT1/cmr/m/n/8 [$ die $(1)\OML/cmm/m/it/8 ; \OT1/cmr/m/n/8 (2)$
 []

[7]
Overfull \vbox (8.1747pt too high) has occurred while \output is active []

 [8]
Overfull \vbox (6.32306pt too high) has occurred while \output is active []

 [9]
NOTE: coordinate (2Y1.0e0],3Y0.0e0]) has been dropped because it is unbounded (in y). (see also unbounded coords=jump). 
NOTE: coordinate (2Y9.648239e-1],3Y0.0e0]) has been dropped because it is unbounded (in y). (see also unbounded coords=jump). 
NOTE: coordinate (2Y9.2964781e-1],3Y0.0e0]) has been dropped because it is unbounded (in y). (see also unbounded coords=jump). 
NOTE: coordinate (2Y8.9447173e-1],3Y0.0e0]) has been dropped because it is unbounded (in y). (see also unbounded coords=jump). 
NOTE: coordinate (2Y8.5929564e-1],3Y0.0e0]) has been dropped because it is unbounded (in y). (see also unbounded coords=jump). 
NOTE: coordinate (2Y8.2411955e-1],3Y0.0e0]) has been dropped because it is unbounded (in y). (see also unbounded coords=jump). 
NOTE: coordinate (2Y7.8894347e-1],3Y0.0e0]) has been dropped because it is unbounded (in y). (see also unbounded coords=jump). 
NOTE: coordinate (2Y7.5376738e-1],3Y0.0e0]) has been dropped because it is unbounded (in y). (see also unbounded coords=jump). 
NOTE: coordinate (2Y7.185913e-1],3Y0.0e0]) has been dropped because it is unbounded (in y). (see also unbounded coords=jump). 
NOTE: coordinate (2Y6.834152e-1],3Y0.0e0]) has been dropped because it is unbounded (in y). (see also unbounded coords=jump). 
NOTE: coordinate (2Y6.4823912e-1],3Y0.0e0]) has been dropped because it is unbounded (in y). (see also unbounded coords=jump). 
NOTE: coordinate (2Y6.1306303e-1],3Y0.0e0]) has been dropped because it is unbounded (in y). (see also unbounded coords=jump). 
NOTE: coordinate (2Y5.7788695e-1],3Y0.0e0]) has been dropped because it is unbounded (in y). (see also unbounded coords=jump). 
NOTE: coordinate (2Y5.4271086e-1],3Y0.0e0]) has been dropped because it is unbounded (in y). (see also unbounded coords=jump). 
NOTE: coordinate (2Y5.0753477e-1],3Y0.0e0]) has been dropped because it is unbounded (in y). (see also unbounded coords=jump). 
NOTE: coordinate (2Y4.7235869e-1],3Y0.0e0]) has been dropped because it is unbounded (in y). (see also unbounded coords=jump). 
NOTE: coordinate (2Y4.371826e-1],3Y0.0e0]) has been dropped because it is unbounded (in y). (see also unbounded coords=jump). 
NOTE: coordinate (2Y4.0200652e-1],3Y0.0e0]) has been dropped because it is unbounded (in y). (see also unbounded coords=jump). 
NOTE: coordinate (2Y3.6683043e-1],3Y0.0e0]) has been dropped because it is unbounded (in y). (see also unbounded coords=jump). 
NOTE: coordinate (2Y3.3165434e-1],3Y0.0e0]) has been dropped because it is unbounded (in y). (see also unbounded coords=jump). 
NOTE: coordinate (2Y2.9647826e-1],3Y0.0e0]) has been dropped because it is unbounded (in y). (see also unbounded coords=jump). 
NOTE: coordinate (2Y2.6130217e-1],3Y0.0e0]) has been dropped because it is unbounded (in y). (see also unbounded coords=jump). 
NOTE: coordinate (2Y2.2612608e-1],3Y0.0e0]) has been dropped because it is unbounded (in y). (see also unbounded coords=jump). 
NOTE: coordinate (2Y1.9095e-1],3Y0.0e0]) has been dropped because it is unbounded (in y). (see also unbounded coords=jump). 
NOTE: coordinate (2Y1.5577391e-1],3Y0.0e0]) has been dropped because it is unbounded (in y). (see also unbounded coords=jump). 
NOTE: coordinate (2Y1.2059782e-1],3Y0.0e0]) has been dropped because it is unbounded (in y). (see also unbounded coords=jump). 
NOTE: coordinate (2Y8.542174e-2],3Y0.0e0]) has been dropped because it is unbounded (in y). (see also unbounded coords=jump). 
NOTE: coordinate (2Y5.024564e-2],3Y0.0e0]) has been dropped because it is unbounded (in y). (see also unbounded coords=jump). 
NOTE: coordinate (2Y1.506954e-2],3Y0.0e0]) has been dropped because it is unbounded (in y). (see also unbounded coords=jump). 

Overfull \hbox (11.5171pt too wide) in paragraph at lines 1274--1275
[][] 
 []

[10

] (./analysis1_cheatsheet.aux) ) 
Here is how much of TeX's memory you used:
 30140 strings out of 478519
 725972 string characters out of 5853953
 1264959 words of memory out of 5000000
 47620 multiletter control sequences out of 15000+600000
 411252 words of font info for 58 fonts, out of 8000000 for 9000
 1141 hyphenation exceptions out of 8191
 99i,18n,103p,794b,2127s stack positions out of 5000i,500n,10000p,200000b,80000s
{c:/texlive/2021/texmf-dist/fonts/enc/dvips/cm-super/cm-super-ts1.enc}<c:/texlive/2021/texmf-dist/fonts/type1/public/amsfonts/cm/cmbx10.pfb><c:/texlive/2021/texmf-dist/fonts/type1/public/amsfonts/cm/cmbx8.pfb><c:/texlive/2021/texmf-dist/fonts/type1/public/amsfonts/cmextra/cmex8.pfb><c:/texlive/2021/texmf-dist/fonts/type1/public/amsfonts/cm/cmmi10.pfb><c:/texlive/2021/texmf-dist/fonts/type1/public/amsfonts/cm/cmmi5.pfb><c:/texlive/2021/texmf-dist/fonts/type1/public/amsfonts/cm/cmmi6.pfb><c:/texlive/2021/texmf-dist/fonts/type1/public/amsfonts/cm/cmmi8.pfb><c:/texlive/2021/texmf-dist/fonts/type1/public/amsfonts/cm/cmr5.pfb><c:/texlive/2021/texmf-dist/fonts/type1/public/amsfonts/cm/cmr6.pfb><c:/texlive/2021/texmf-dist/fonts/type1/public/amsfonts/cm/cmr8.pfb><c:/texlive/2021/texmf-dist/fonts/type1/public/amsfonts/cm/cmsy5.pfb><c:/texlive/2021/texmf-dist/fonts/type1/public/amsfonts/cm/cmsy6.pfb><c:/texlive/2021/texmf-dist/fonts/type1/public/amsfonts/cm/cmsy8.pfb><c:/texlive/2021/texmf-dist/fonts/type1/public/amsfonts/cm/cmti8.pfb><c:/texlive/2021/texmf-dist/fonts/type1/public/amsfonts/symbols/msbm10.pfb><c:/texlive/2021/texmf-dist/fonts/type1/public/amsfonts/symbols/msbm7.pfb><c:/texlive/2021/texmf-dist/fonts/type1/public/cm-super/sfrm0800.pfb><c:/texlive/2021/texmf-dist/fonts/type1/public/wasy-type1/wasy8.pfb>
Output written on analysis1_cheatsheet.pdf (10 pages, 322836 bytes).
PDF statistics:
 136 PDF objects out of 1000 (max. 8388607)
 83 compressed objects within 1 object stream
 0 named destinations out of 1000 (max. 500000)
 23 words of extra memory for PDF output out of 10000 (max. 10000000)

